2025-08-12 15:37:58,905 - WARNING - Glossary file not found at content/i18n/en/glossary.json
2025-08-12 15:37:58,906 - INFO - Using fallback glossary terms
2025-08-12 15:37:58,906 - INFO - Starting Easy-Read generation process for language: en
2025-08-12 15:37:58,906 - INFO - Source file: content/i18n/en/texts.json
2025-08-12 15:37:58,906 - INFO - Target file: content/i18n/en/texts.json
2025-08-12 15:37:58,909 - INFO - Loaded source translations from content/i18n/en/texts.json
2025-08-12 15:37:58,913 - INFO - Loaded existing target translations from content/i18n/en/texts.json
2025-08-12 15:37:58,913 - INFO - Processing range: text-6-0 to text-6-5
2025-08-12 15:37:58,913 - INFO - Strategy for text-6-0: copy - Single word/very short
2025-08-12 15:37:58,913 - INFO - Successfully processed text-6-0 with copy strategy
2025-08-12 15:37:58,913 - INFO - Strategy for text-6-1: copy - Single word/very short
2025-08-12 15:37:58,913 - INFO - Successfully processed text-6-1 with copy strategy
2025-08-12 15:37:58,914 - INFO - Strategy for text-6-2: copy - Single word/very short
2025-08-12 15:37:58,914 - INFO - Successfully processed text-6-2 with copy strategy
2025-08-12 15:37:58,914 - INFO - Strategy for text-6-3: copy - Single word/very short
2025-08-12 15:37:58,914 - INFO - Successfully processed text-6-3 with copy strategy
2025-08-12 15:37:58,914 - INFO - Strategy for text-6-4: simple - Short phrase
2025-08-12 15:37:58,914 - INFO - Successfully processed text-6-4 with simple strategy
2025-08-12 15:37:58,914 - INFO - Strategy for text-6-5: copy - Single word/very short
2025-08-12 15:37:58,914 - INFO - Successfully processed text-6-5 with copy strategy
2025-08-12 15:37:58,917 - INFO - Processed 6 entries. Success: 6, Issues: 0, Skipped: 547
2025-08-12 15:37:58,917 - INFO - Results saved to content/i18n/en/texts.json
2025-08-12 15:37:58,917 - INFO - Log file saved to easy_read_log_en_20250812_153758.log
2025-08-12 15:37:58,918 - INFO - Easy-Read generation process complete
