2025-08-12 15:39:41,967 - WARNING - Glossary file not found at content/i18n/en/glossary.json
2025-08-12 15:39:41,967 - INFO - Using fallback glossary terms
2025-08-12 15:39:41,967 - INFO - Starting Easy-Read generation process for language: en
2025-08-12 15:39:41,967 - INFO - Source file: content/i18n/en/texts.json
2025-08-12 15:39:41,967 - INFO - Target file: content/i18n/en/texts.json
2025-08-12 15:39:41,971 - INFO - Loaded source translations from content/i18n/en/texts.json
2025-08-12 15:39:41,974 - INFO - Loaded existing target translations from content/i18n/en/texts.json
2025-08-12 15:39:41,974 - INFO - Processing range: text-10-0 to text-10-6
2025-08-12 15:39:41,974 - INFO - Strategy for text-10-0: simple - Short title/heading
2025-08-12 15:39:41,974 - INFO - DRY RUN: Would process text-10-0 with simple
2025-08-12 15:39:41,974 - INFO - DRY RUN: Processed text-10-0 with simple strategy
2025-08-12 15:39:41,974 - INFO - Strategy for text-10-1: simple - Short title/heading
2025-08-12 15:39:41,974 - INFO - DRY RUN: Would process text-10-1 with simple
2025-08-12 15:39:41,974 - INFO - DRY RUN: Processed text-10-1 with simple strategy
2025-08-12 15:39:41,974 - INFO - Strategy for text-10-2: transform - Complex text
2025-08-12 15:39:41,974 - INFO - DRY RUN: Would process text-10-2 with transform
2025-08-12 15:39:41,974 - INFO - DRY RUN: Processed text-10-2 with transform strategy
2025-08-12 15:39:41,974 - INFO - Strategy for text-10-3: transform - Complex text
2025-08-12 15:39:41,974 - INFO - DRY RUN: Would process text-10-3 with transform
2025-08-12 15:39:41,974 - INFO - DRY RUN: Processed text-10-3 with transform strategy
2025-08-12 15:39:41,974 - INFO - Strategy for text-10-4: transform - Complex text
2025-08-12 15:39:41,974 - INFO - DRY RUN: Would process text-10-4 with transform
2025-08-12 15:39:41,974 - INFO - DRY RUN: Processed text-10-4 with transform strategy
2025-08-12 15:39:41,974 - INFO - Strategy for text-10-5: transform - Complex text
2025-08-12 15:39:41,974 - INFO - DRY RUN: Would process text-10-5 with transform
2025-08-12 15:39:41,974 - INFO - DRY RUN: Processed text-10-5 with transform strategy
2025-08-12 15:39:41,975 - INFO - Strategy for text-10-6: transform - Complex text
2025-08-12 15:39:41,975 - INFO - DRY RUN: Would process text-10-6 with transform
2025-08-12 15:39:41,975 - INFO - DRY RUN: Processed text-10-6 with transform strategy
2025-08-12 15:39:41,979 - INFO - Processed 7 entries. Success: 7, Issues: 0, Skipped: 546
2025-08-12 15:39:41,979 - INFO - Results saved to content/i18n/en/texts.json
2025-08-12 15:39:41,979 - INFO - Log file saved to easy_read_log_en_20250812_153941.log
2025-08-12 15:39:41,979 - INFO - Easy-Read generation process complete
