2025-08-12 15:07:25,071 - WARNING - Glossary file not found at content/i18n/es/glossary.json
2025-08-12 15:07:25,071 - INFO - Using fallback glossary terms
2025-08-12 15:07:25,072 - INFO - Starting Easy-Read generation process for language: en
2025-08-12 15:07:25,072 - INFO - Source file: content/i18n/es/texts.json
2025-08-12 15:07:25,072 - INFO - Target file: content/i18n/en/texts.json
2025-08-12 15:07:25,075 - INFO - Loaded source translations from content/i18n/es/texts.json
2025-08-12 15:07:25,079 - INFO - Loaded existing target translations from content/i18n/en/texts.json
2025-08-12 15:07:25,079 - INFO - Processing range: text-6-10 to text-6-20
2025-08-12 15:07:25,079 - INFO - Easy-read version already exists for text-6-10, skipping
2025-08-12 15:07:25,079 - INFO - Easy-read version already exists for text-6-11, skipping
2025-08-12 15:07:25,079 - INFO - Easy-read version already exists for text-6-12, skipping
2025-08-12 15:07:25,079 - INFO - Easy-read version already exists for text-6-13, skipping
2025-08-12 15:07:25,079 - INFO - Easy-read version already exists for text-6-14, skipping
2025-08-12 15:07:25,079 - INFO - Easy-read version already exists for text-6-15, skipping
2025-08-12 15:07:25,079 - INFO - Easy-read version already exists for text-6-16, skipping
2025-08-12 15:07:25,079 - INFO - Easy-read version already exists for text-6-17, skipping
2025-08-12 15:07:25,079 - INFO - Easy-read version already exists for text-6-18, skipping
2025-08-12 15:07:25,079 - INFO - Easy-read version already exists for text-6-2, skipping
2025-08-12 15:07:25,083 - INFO - Processed 0 entries. Success: 0, Issues: 0, Skipped: 560
2025-08-12 15:07:25,083 - INFO - Results saved to content/i18n/en/texts.json
2025-08-12 15:07:25,083 - INFO - Log file saved to easy_read_log_en_20250812_150725.log
2025-08-12 15:07:25,083 - INFO - Easy-Read generation process complete
