2025-08-12 15:45:18,467 - WARNING - Glossary file not found at content/i18n/en/glossary.json
2025-08-12 15:45:18,467 - INFO - Using fallback glossary terms
2025-08-12 15:45:18,467 - INFO - Starting Easy-Read generation process for language: en
2025-08-12 15:45:18,467 - INFO - Source file: content/i18n/en/texts.json
2025-08-12 15:45:18,467 - INFO - Target file: content/i18n/en/texts.json
2025-08-12 15:45:18,470 - INFO - Loaded source translations from content/i18n/en/texts.json
2025-08-12 15:45:18,474 - INFO - Loaded existing target translations from content/i18n/en/texts.json
2025-08-12 15:45:18,474 - INFO - Processing range: text-6-0 to text-6-2
2025-08-12 15:45:18,475 - INFO - Processing text-6-0 (regenerating if exists)
2025-08-12 15:45:18,475 - INFO - Strategy for text-6-0: copy - Single word/very short
2025-08-12 15:45:18,475 - INFO - DRY RUN: Would process text-6-0 with copy
2025-08-12 15:45:18,475 - INFO - DRY RUN: Processed text-6-0 with copy strategy
2025-08-12 15:45:18,475 - INFO - Processing text-6-1 (regenerating if exists)
2025-08-12 15:45:18,475 - INFO - Strategy for text-6-1: copy - Single word/very short
2025-08-12 15:45:18,475 - INFO - DRY RUN: Would process text-6-1 with copy
2025-08-12 15:45:18,475 - INFO - DRY RUN: Processed text-6-1 with copy strategy
2025-08-12 15:45:18,475 - INFO - Processing text-6-2 (regenerating if exists)
2025-08-12 15:45:18,475 - INFO - Strategy for text-6-2: copy - Single word/very short
2025-08-12 15:45:18,475 - INFO - DRY RUN: Would process text-6-2 with copy
2025-08-12 15:45:18,475 - INFO - DRY RUN: Processed text-6-2 with copy strategy
2025-08-12 15:45:18,479 - INFO - Processed 3 entries. Success: 3, Issues: 0, Skipped: 550
2025-08-12 15:45:18,479 - INFO - Results saved to content/i18n/en/texts.json
2025-08-12 15:45:18,479 - INFO - Log file saved to easy_read_log_en_20250812_154518.log
2025-08-12 15:45:18,479 - INFO - Easy-Read generation process complete
