2025-08-12 15:27:26,254 - WARNING - Glossary file not found at content/i18n/en/glossary.json
2025-08-12 15:27:26,255 - INFO - Using fallback glossary terms
2025-08-12 15:27:26,255 - INFO - Starting Easy-Read generation process for language: en
2025-08-12 15:27:26,255 - INFO - Source file: content/i18n/en/texts.json
2025-08-12 15:27:26,255 - INFO - Target file: content/i18n/en/texts.json
2025-08-12 15:27:26,259 - INFO - Loaded source translations from content/i18n/en/texts.json
2025-08-12 15:27:26,262 - INFO - Loaded existing target translations from content/i18n/en/texts.json
2025-08-12 15:27:26,262 - INFO - Processing range: text-8-2 to text-8-5
2025-08-12 15:27:26,263 - INFO - Easy-read version already exists for text-8-2, skipping
2025-08-12 15:27:26,263 - INFO - Processing text-8-3
2025-08-12 15:27:26,263 - INFO - DRY RUN: Would process text-8-3
2025-08-12 15:27:26,263 - INFO - Successfully processed text-8-3 - All glossary terms preserved
2025-08-12 15:27:26,263 - INFO - Processing text-8-4
2025-08-12 15:27:26,263 - INFO - DRY RUN: Would process text-8-4
2025-08-12 15:27:26,263 - INFO - Successfully processed text-8-4 - All glossary terms preserved
2025-08-12 15:27:26,263 - INFO - Processing text-8-5
2025-08-12 15:27:26,263 - INFO - DRY RUN: Would process text-8-5
2025-08-12 15:27:26,263 - INFO - Successfully processed text-8-5 - All glossary terms preserved
2025-08-12 15:27:26,267 - INFO - Processed 3 entries. Success: 3, Issues: 0, Skipped: 550
2025-08-12 15:27:26,267 - INFO - Results saved to content/i18n/en/texts.json
2025-08-12 15:27:26,267 - INFO - Log file saved to easy_read_log_en_20250812_152726.log
2025-08-12 15:27:26,267 - INFO - Easy-Read generation process complete
