2025-08-12 15:27:06,651 - WARNING - Glossary file not found at content/i18n/en/glossary.json
2025-08-12 15:27:06,651 - INFO - Using fallback glossary terms
2025-08-12 15:27:06,651 - INFO - Starting Easy-Read generation process for language: en
2025-08-12 15:27:06,651 - INFO - Source file: content/i18n/en/texts.json
2025-08-12 15:27:06,651 - INFO - Target file: content/i18n/en/texts.json
2025-08-12 15:27:06,655 - INFO - Loaded source translations from content/i18n/en/texts.json
2025-08-12 15:27:06,658 - INFO - Loaded existing target translations from content/i18n/en/texts.json
2025-08-12 15:27:06,658 - INFO - Processing range: text-6-0 to text-8-0
2025-08-12 15:27:06,659 - INFO - Skipping text-6-0: Single word - 'Contents'
2025-08-12 15:27:06,659 - INFO - Skipping text-6-1: Too short - '9'
2025-08-12 15:27:06,659 - INFO - Skipping text-6-10: Short title/heading - 'Cognitive self-care'
2025-08-12 15:27:06,659 - INFO - Skipping text-6-11: Too short - '39'
2025-08-12 15:27:06,659 - INFO - Skipping text-6-12: Short title/heading - 'Social self-care'
2025-08-12 15:27:06,659 - INFO - Skipping text-6-13: Too short - '46'
2025-08-12 15:27:06,659 - INFO - Skipping text-6-14: Short title/heading - 'Spiritual self-care'
2025-08-12 15:27:06,659 - INFO - Skipping text-6-15: Too short - '48'
2025-08-12 15:27:06,659 - INFO - Skipping text-6-16: Short title/heading - 'Practical exercises'
2025-08-12 15:27:06,659 - INFO - Skipping text-6-17: Too short - '55'
2025-08-12 15:27:06,659 - INFO - Skipping text-6-18: Single word - 'Bibliography'
2025-08-12 15:27:06,659 - INFO - Skipping text-6-2: Single word - 'Introduction'
2025-08-12 15:27:06,659 - INFO - Skipping text-6-3: Too short - '10'
2025-08-12 15:27:06,659 - INFO - Skipping text-6-4: Too short to simplify - 'What is self-care?'
2025-08-12 15:27:06,659 - INFO - Skipping text-6-5: Too short - '19'
2025-08-12 15:27:06,659 - INFO - Skipping text-6-6: Short title/heading - 'Physical self-care'
2025-08-12 15:27:06,659 - INFO - Skipping text-6-7: Too short - '26'
2025-08-12 15:27:06,659 - INFO - Skipping text-6-8: Short title/heading - 'Emotional self-care'
2025-08-12 15:27:06,659 - INFO - Skipping text-6-9: Too short - '32'
2025-08-12 15:27:06,659 - INFO - Skipping text-8-0: Short title/heading - 'Self-care manual'
2025-08-12 15:27:06,663 - INFO - Processed 0 entries. Success: 0, Issues: 0, Skipped: 553
2025-08-12 15:27:06,663 - INFO - Results saved to content/i18n/en/texts.json
2025-08-12 15:27:06,663 - INFO - Log file saved to easy_read_log_en_20250812_152706.log
2025-08-12 15:27:06,663 - INFO - Easy-Read generation process complete
